<?xml version="1.0" encoding="UTF-8"?>
<robot generator="Robot 3.0.4 (Python 3.6.4 on win32)" generated="20180909 16:58:01.210">
<suite id="s1" name="Testcase3" source="C:\Users\lenovo\Desktop\web\robot-framework\Test\testcase3.robot">
<test id="s1-t1" name="testcase3:">
<kw name="Open Browser" library="Selenium2Library">
<doc>Opens a new browser instance to the given ``url``.</doc>
<arguments>
<arg>url=http://www.baidu.com</arg>
<arg>browser=chrome</arg>
</arguments>
<msg timestamp="20180909 16:58:01.441" level="INFO">Opening browser 'chrome' to base url 'http://www.baidu.com'.</msg>
<status status="PASS" starttime="20180909 16:58:01.441" endtime="20180909 16:58:06.171"></status>
</kw>
<kw name="Sleep" library="BuiltIn">
<doc>Pauses the test executed for the given time.</doc>
<arguments>
<arg>3s</arg>
</arguments>
<msg timestamp="20180909 16:58:09.173" level="INFO">Slept 3 seconds</msg>
<status status="PASS" starttime="20180909 16:58:06.172" endtime="20180909 16:58:09.173"></status>
</kw>
<kw name="Maximize Browser Window" library="Selenium2Library">
<doc>Maximizes current browser window.</doc>
<status status="PASS" starttime="20180909 16:58:09.174" endtime="20180909 16:58:10.397"></status>
</kw>
<kw name="Click Element" library="Selenium2Library">
<doc>Click element identified by ``locator``.</doc>
<arguments>
<arg>link:hao123</arg>
</arguments>
<msg timestamp="20180909 16:58:10.437" level="INFO">Clicking element 'link:hao123'.</msg>
<status status="PASS" starttime="20180909 16:58:10.436" endtime="20180909 16:58:14.298"></status>
</kw>
<kw name="Input Text" library="Selenium2Library">
<doc>Types the given ``text`` into text field identified by ``locator``.</doc>
<arguments>
<arg>class:input-hook</arg>
<arg>ffffffffff</arg>
</arguments>
<msg timestamp="20180909 16:58:14.300" level="INFO">Typing text 'ffffffffff' into text field 'class:input-hook'.</msg>
<status status="PASS" starttime="20180909 16:58:14.299" endtime="20180909 16:58:14.854"></status>
</kw>
<kw name="Click Button" library="Selenium2Library">
<doc>Clicks button identified by ``locator``.</doc>
<arguments>
<arg>class:button-hook</arg>
</arguments>
<msg timestamp="20180909 16:58:14.855" level="INFO">Clicking button 'class:button-hook'.</msg>
<status status="PASS" starttime="20180909 16:58:14.855" endtime="20180909 16:58:15.002"></status>
</kw>
<kw name="Sleep" library="BuiltIn">
<doc>Pauses the test executed for the given time.</doc>
<arguments>
<arg>3s</arg>
</arguments>
<msg timestamp="20180909 16:58:18.005" level="INFO">Slept 3 seconds</msg>
<status status="PASS" starttime="20180909 16:58:15.003" endtime="20180909 16:58:18.006"></status>
</kw>
<kw name="Select Window" library="Selenium2Library">
<doc>Selects browser window matching ``locator``.</doc>
<arguments>
<arg>NEW</arg>
</arguments>
<assign>
<var>${handle}</var>
</assign>
<msg timestamp="20180909 16:58:18.035" level="INFO">${handle} = CDwindow-343222111E6B127DD476F5157ACAB8B6</msg>
<status status="PASS" starttime="20180909 16:58:18.007" endtime="20180909 16:58:18.035"></status>
</kw>
<kw name="Title Should Be" library="Selenium2Library">
<doc>Verifies that current page title equals ``title``.</doc>
<arguments>
<arg>ffffffffff_百度搜索</arg>
</arguments>
<msg timestamp="20180909 16:58:19.095" level="INFO">Page title is 'ffffffffff_百度搜索'.</msg>
<status status="PASS" starttime="20180909 16:58:18.041" endtime="20180909 16:58:19.095"></status>
</kw>
<kw name="Get Window Handles" library="Selenium2Library">
<doc>Return all current window handles as a list.</doc>
<assign>
<var>${allwindows}</var>
</assign>
<msg timestamp="20180909 16:58:19.105" level="INFO">${allwindows} = ['CDwindow-343222111E6B127DD476F5157ACAB8B6', 'CDwindow-FD5E6484054A40C8B1EB7A2CD7642069']</msg>
<status status="PASS" starttime="20180909 16:58:19.096" endtime="20180909 16:58:19.105"></status>
</kw>
<kw name="Capture Page Screenshot" library="Selenium2Library">
<doc>Takes screenshot of the current page and embeds it into log file.</doc>
<msg timestamp="20180909 16:58:19.535" level="INFO" html="yes">&lt;/td&gt;&lt;/tr&gt;&lt;tr&gt;&lt;td colspan="3"&gt;&lt;a href="selenium-screenshot-1.png"&gt;&lt;img src="selenium-screenshot-1.png" width="800px"&gt;&lt;/a&gt;</msg>
<status status="PASS" starttime="20180909 16:58:19.110" endtime="20180909 16:58:19.536"></status>
</kw>
<kw name="Log To Console" library="BuiltIn">
<doc>Logs the given message to the console.</doc>
<arguments>
<arg>Hello, console!</arg>
</arguments>
<status status="PASS" starttime="20180909 16:58:19.536" endtime="20180909 16:58:19.537"></status>
</kw>
<kw name="Get Time" library="BuiltIn">
<doc>Returns the given time in the requested format.</doc>
<assign>
<var>${time}</var>
</assign>
<msg timestamp="20180909 16:58:19.538" level="INFO">${time} = 2018-09-09 16:58:19</msg>
<status status="PASS" starttime="20180909 16:58:19.537" endtime="20180909 16:58:19.538"></status>
</kw>
<kw name="Log To Console" library="BuiltIn">
<doc>Logs the given message to the console.</doc>
<arguments>
<arg>${time}</arg>
</arguments>
<status status="PASS" starttime="20180909 16:58:19.538" endtime="20180909 16:58:19.539"></status>
</kw>
<status status="PASS" starttime="20180909 16:58:01.440" endtime="20180909 16:58:19.540" critical="yes"></status>
</test>
<status status="PASS" starttime="20180909 16:58:01.212" endtime="20180909 16:58:19.542"></status>
</suite>
<statistics>
<total>
<stat pass="1" fail="0">Critical Tests</stat>
<stat pass="1" fail="0">All Tests</stat>
</total>
<tag>
</tag>
<suite>
<stat pass="1" fail="0" id="s1" name="Testcase3">Testcase3</stat>
</suite>
</statistics>
<errors>
</errors>
</robot>
